c:\users\rorro\dropbox\fall2018\ece4310\lab4\plus-2017\plus-2017\debug\vc141.pdb
c:\users\rorro\dropbox\fall2018\ece4310\lab4\plus-2017\plus-2017\debug\vc141.idb
c:\users\rorro\dropbox\fall2018\ece4310\lab4\plus-2017\plus-2017\debug\main.obj
c:\users\rorro\dropbox\fall2018\ece4310\lab4\plus-2017\plus-2017\debug\plus.ilk
c:\users\rorro\dropbox\fall2018\ece4310\lab4\plus-2017\plus-2017\debug\plus.exe
c:\users\rorro\dropbox\fall2018\ece4310\lab4\plus-2017\plus-2017\debug\plus.pdb
c:\users\rorro\dropbox\fall2018\ece4310\lab4\plus-2017\plus-2017\debug\interface.res
c:\users\rorro\dropbox\fall2018\ece4310\lab4\plus-2017\plus-2017\.\debug\plus.exe
c:\users\rorro\dropbox\fall2018\ece4310\lab4\plus-2017\plus-2017\debug\plus.tlog\cl.command.1.tlog
c:\users\rorro\dropbox\fall2018\ece4310\lab4\plus-2017\plus-2017\debug\plus.tlog\cl.read.1.tlog
c:\users\rorro\dropbox\fall2018\ece4310\lab4\plus-2017\plus-2017\debug\plus.tlog\cl.write.1.tlog
c:\users\rorro\dropbox\fall2018\ece4310\lab4\plus-2017\plus-2017\debug\plus.tlog\link-cvtres.read.1.tlog
c:\users\rorro\dropbox\fall2018\ece4310\lab4\plus-2017\plus-2017\debug\plus.tlog\link-cvtres.write.1.tlog
c:\users\rorro\dropbox\fall2018\ece4310\lab4\plus-2017\plus-2017\debug\plus.tlog\link-rc.read.1.tlog
c:\users\rorro\dropbox\fall2018\ece4310\lab4\plus-2017\plus-2017\debug\plus.tlog\link-rc.write.1.tlog
c:\users\rorro\dropbox\fall2018\ece4310\lab4\plus-2017\plus-2017\debug\plus.tlog\link.11280-cvtres.read.1.tlog
c:\users\rorro\dropbox\fall2018\ece4310\lab4\plus-2017\plus-2017\debug\plus.tlog\link.11280-rc.read.1.tlog
c:\users\rorro\dropbox\fall2018\ece4310\lab4\plus-2017\plus-2017\debug\plus.tlog\link.11280.read.1.tlog
c:\users\rorro\dropbox\fall2018\ece4310\lab4\plus-2017\plus-2017\debug\plus.tlog\link.11280.write.1.tlog
c:\users\rorro\dropbox\fall2018\ece4310\lab4\plus-2017\plus-2017\debug\plus.tlog\link.command.1.tlog
c:\users\rorro\dropbox\fall2018\ece4310\lab4\plus-2017\plus-2017\debug\plus.tlog\link.read.1.tlog
c:\users\rorro\dropbox\fall2018\ece4310\lab4\plus-2017\plus-2017\debug\plus.tlog\link.write.1.tlog
c:\users\rorro\dropbox\fall2018\ece4310\lab4\plus-2017\plus-2017\debug\plus.tlog\rc.command.1.tlog
c:\users\rorro\dropbox\fall2018\ece4310\lab4\plus-2017\plus-2017\debug\plus.tlog\rc.read.1.tlog
c:\users\rorro\dropbox\fall2018\ece4310\lab4\plus-2017\plus-2017\debug\plus.tlog\rc.write.1.tlog
